<?xml version="1.0" encoding="UTF-8"?>
<testng-results ignored="0" total="2" passed="2" failed="0" skipped="0">
  <reporter-output>
  </reporter-output>
  <suite started-at="2023-12-26T20:45:17 IST" name="Default suite" finished-at="2023-12-26T20:45:25 IST" duration-ms="7819">
    <groups>
    </groups>
    <test started-at="2023-12-26T20:45:17 IST" name="Default test" finished-at="2023-12-26T20:45:25 IST" duration-ms="7819">
      <class name="com.TestNG.AddEmployeePfotoGraph">
        <test-method signature="LaunchBrowser()[pri:1, instance:com.TestNG.AddEmployeePfotoGraph@732c2a62]" started-at="2023-12-26T20:45:17 IST" name="LaunchBrowser" finished-at="2023-12-26T20:45:23 IST" duration-ms="6147" status="PASS">
          <reporter-output>
          </reporter-output>
        </test-method> <!-- LaunchBrowser -->
        <test-method signature="PIM_Test()[pri:2, instance:com.TestNG.AddEmployeePfotoGraph@732c2a62]" started-at="2023-12-26T20:45:23 IST" name="PIM_Test" finished-at="2023-12-26T20:45:25 IST" duration-ms="1607" status="PASS">
          <reporter-output>
          </reporter-output>
        </test-method> <!-- PIM_Test -->
      </class> <!-- com.TestNG.AddEmployeePfotoGraph -->
    </test> <!-- Default test -->
  </suite> <!-- Default suite -->
</testng-results>
